================== VBSP ==================



materialPath: E:\Steam\SteamApps\common\Source SDK Base 2013 Singleplayer\ep2\materials
Loading A:\V92\Source\github\AHL2_Amuse\mapsrc\ahl2_amuse_fix.vmf
ConVarRef mat_reduceparticles doesn't point to an existing ConVar
Could not locate 'GameData' key in e:\steam\steamapps\common\source sdk base 2013 singleplayer\ep2\gameinfo.txt
Patching WVT material: maps/ahl2_amuse_fix/nature/blendsandsand008b_wvt_patch
fixing up env_cubemap materials on brush sides...

FindPortalSide: Couldn't find a good match for which brush to assign to a portal near (2816.0 1536.0 516.0)
Leaf 0 contents: 
Leaf 1 contents: CONTENTS_SOLID 
viscontents (node 0 contents ^ node 1 contents): CONTENTS_SOLID 
This means that none of the brushes in leaf 0 or 1 that touches the portal has CONTENTS_SOLID 
Check for a huge brush enclosing the coordinates above that has contents CONTENTS_SOLID 
Candidate brush IDs: Brush 5301: 


FindPortalSide: Couldn't find a good match for which brush to assign to a portal near (2424.0 1404.0 88.0)
Leaf 0 contents: CONTENTS_SOLID 
Leaf 1 contents: 
viscontents (node 0 contents ^ node 1 contents): CONTENTS_SOLID 
This means that none of the brushes in leaf 0 or 1 that touches the portal has CONTENTS_SOLID 
Check for a huge brush enclosing the coordinates above that has contents CONTENTS_SOLID 
Candidate brush IDs: Brush 5637: 


FindPortalSide: Couldn't find a good match for which brush to assign to a portal near (2424.0 1284.0 604.0)
Leaf 0 contents: CONTENTS_SOLID 
Leaf 1 contents: 
viscontents (node 0 contents ^ node 1 contents): CONTENTS_SOLID 
This means that none of the brushes in leaf 0 or 1 that touches the portal has CONTENTS_SOLID 
Check for a huge brush enclosing the coordinates above that has contents CONTENTS_SOLID 
Candidate brush IDs: Brush 5637: 


FindPortalSide: Couldn't find a good match for which brush to assign to a portal near (2488.0 1536.0 516.0)
Leaf 0 contents: 
Leaf 1 contents: CONTENTS_SOLID 
viscontents (node 0 contents ^ node 1 contents): CONTENTS_SOLID 
This means that none of the brushes in leaf 0 or 1 that touches the portal has CONTENTS_SOLID 
Check for a huge brush enclosing the coordinates above that has contents CONTENTS_SOLID 
Candidate brush IDs: Brush 5637: 


FindPortalSide: Couldn't find a good match for which brush to assign to a portal near (2936.0 -1283.0 0.0)
Leaf 0 contents: CONTENTS_SOLID 
Leaf 1 contents: 
viscontents (node 0 contents ^ node 1 contents): CONTENTS_SOLID 
This means that none of the brushes in leaf 0 or 1 that touches the portal has CONTENTS_SOLID 
Check for a huge brush enclosing the coordinates above that has contents CONTENTS_SOLID 
Candidate brush IDs: Brush 5189: 


FindPortalSide: Couldn't find a good match for which brush to assign to a portal near (2696.0 -1797.0 516.0)
Leaf 0 contents: 
Leaf 1 contents: CONTENTS_SOLID 
viscontents (node 0 contents ^ node 1 contents): CONTENTS_SOLID 
This means that none of the brushes in leaf 0 or 1 that touches the portal has CONTENTS_SOLID 
Check for a huge brush enclosing the coordinates above that has contents CONTENTS_SOLID 
Candidate brush IDs: Brush 5600: 


FindPortalSide: Couldn't find a good match for which brush to assign to a portal near (2360.0 1032.0 604.0)
Leaf 0 contents: 
Leaf 1 contents: CONTENTS_SOLID 
viscontents (node 0 contents ^ node 1 contents): CONTENTS_SOLID 
This means that none of the brushes in leaf 0 or 1 that touches the portal has CONTENTS_SOLID 
Check for a huge brush enclosing the coordinates above that has contents CONTENTS_SOLID 
Candidate brush IDs: Brush 5637: 


FindPortalSide: Couldn't find a good match for which brush to assign to a portal near (2176.0 1032.0 604.0)
Leaf 0 contents: 
Leaf 1 contents: CONTENTS_SOLID 
viscontents (node 0 contents ^ node 1 contents): CONTENTS_SOLID 
This means that none of the brushes in leaf 0 or 1 that touches the portal has CONTENTS_SOLID 
Check for a huge brush enclosing the coordinates above that has contents CONTENTS_SOLID 
Candidate brush IDs: Brush 5637: 

*** Suppressing further FindPortalSide errors.... ***
0...1...2...3...4...5...6...7...8...9...100...1...2...3...4...5...6...7...8...9...10Processing areas...done (0)
Building Faces...done (0)
Chop Details...done (0)
Find Visible Detail Sides...
Merged 1174 detail faces...done (1)
Merging details...done (0)
FixTjuncs...
PruneNodes...
WriteBSP...
done (0)
writing A:\V92\Source\github\AHL2_Amuse\mapsrc\ahl2_amuse_fix.prt...Building visibility clusters...
done (0)
Finding displacement neighbors...
Finding lightmap sample positions...
Displacement Alpha : 0...1...2...3...4...5...6...7...8...9...10
Building Physics collision data...
done (1) (1006410 bytes)
Placing detail props : 0...1...2...3...4...5...6...7...8...9...10
Compacting texture/material tables...
Reduced 5111 texinfos to 3328
Reduced 323 texdatas to 281 (14192 bytes to 12542)
Writing A:\V92\Source\github\AHL2_Amuse\mapsrc\ahl2_amuse_fix.bsp
6 seconds elapsed

================== VVIS ==================




12 threads
reading a:\v92\source\github\ahl2_amuse\mapsrc\ahl2_amuse_fix.bsp
reading a:\v92\source\github\ahl2_amuse\mapsrc\ahl2_amuse_fix.prt
 517 portalclusters
1431 numportals
0...1...2...3...4...5...6...7...8...9...100...1...2...3...4...5...6...7...8...9...10Optimized: 593 visible clusters (0.34%)
Total clusters visible: 172279
Average clusters visible: 333
Building PAS...
Average clusters audible: 508
visdatasize:69091  compressed from 74448
writing a:\v92\source\github\ahl2_amuse\mapsrc\ahl2_amuse_fix.bsp
50 seconds elapsed

================== VRAD ==================




[Reading texlights from 'lights.rad']
[48 texlights parsed from 'lights.rad']

Loading a:\v92\source\github\ahl2_amuse\mapsrc\ahl2_amuse_fix.bsp
Error! Invalid VTX file checksum: -166787407, expected 639264992 "models/props_trainstation/Column_Light001b.dx80.vtx"
Error! Invalid VTX file checksum: 9127647, expected 105483422 "models/props_c17/metalladder001.dx80.vtx"
Error! Invalid VTX file checksum: -693254030, expected 1444018591 "models/props_foliage/tree_poplar_01.dx80.vtx"
Error! Invalid VTX file checksum: -1347905822, expected 579475552 "models/props_trainstation/bench_indoor001a.dx80.vtx"
Error! Invalid VTX file checksum: -920841713, expected 599303881 "models/props_c17/fence01a.dx80.vtx"
Error! Invalid VTX file checksum: -1830557463, expected -1645341327 "models/props_wasteland/prison_bracket001a.dx80.vtx"
Error! Invalid VTX file checksum: 905383766, expected -1520422163 "models/props_c17/substation_transformer01b.dx80.vtx"
Error! Invalid VTX file checksum: -1843821934, expected -1739581038 "models/props_c17/light_cagelight02_on.dx80.vtx"
Error! Invalid VTX file checksum: -2134694564, expected -161856527 "models/props_c17/concrete_barrier001a.dx80.vtx"
Error! Invalid VTX file checksum: -1582669916, expected -1393891044 "models/props_pipes/PipeSet32d_Corner128D_001a.dx80.vtx"
Error! Invalid VTX file checksum: -1077376401, expected -1481665972 "models/props_pipes/destroyedpipes01b.dx80.vtx"
Error! Invalid VTX file checksum: -200841242, expected -308345868 "models/props_c17/Awning001a.dx80.vtx"
Error! Invalid VTX file checksum: 1843286576, expected -1543011080 "models/props_foliage/cattails.dx80.vtx"
Error! Invalid VTX file checksum: 970261510, expected 1225404967 "models/props_c17/Handrail04_long.dx80.vtx"
Error! Invalid VTX file checksum: -377767999, expected -1210739282 "models/props_c17/Handrail04_corner.dx80.vtx"
Patch Sample Radius Clamped!
Patch Sample Radius Clamped!
Patch Sample Radius Clamped!
Patch Sample Radius Clamped!
Patch Sample Radius Clamped!
Patch Sample Radius Clamped!
Patch Sample Radius Clamped!
Patch Sample Radius Clamped!
Patch Sample Radius Clamped!
Patch Sample Radius Clamped!
Patch Sample Radius Clamped!
Patch Sample Radius Clamped!
Patch Sample Radius Clamped!
Patch Sample Radius Clamped!
Patch Sample Radius Clamped!
Patch Sample Radius Clamped!
Patch Sample Radius Clamped!
Patch Sample Radius Clamped!
Patch Sample Radius Clamped!
Patch Sample Radius Clamped!
Patch Sample Radius Clamped!
Patch Sample Radius Clamped!
Patch Sample Radius Clamped!
Patch Sample Radius Clamped!
Patch Sample Radius Clamped!
Patch Sample Radius Clamped!
Patch Sample Radius Clamped!
Patch Sample Radius Clamped!
10804 faces
2 degenerate faces
4602097 square feet [662701952.00 square inches]
28 Displacements
226037 Square Feet [32549336.00 Square Inches]
10802 patches before subdivision
191522 patches after subdivision
589 direct lights
0...1...2...3...4...5...6...7...8...9...100...1...2...3...4...5...6...7...8...9...10transfers 16982391, max 1900
transfer lists: 129.6 megs
0...1...2...3...4...5...6...7...8...9...10	Bounce #1 added RGB(306706, 139001, 68776)
0...1...2...3...4...5...6...7...8...9...10	Bounce #2 added RGB(50665, 19053, 8219)
0...1...2...3...4...5...6...7...8...9...10	Bounce #3 added RGB(10726, 3665, 1384)
0...1...2...3...4...5...6...7...8...9...10	Bounce #4 added RGB(2415, 720, 251)
0...1...2...3...4...5...6...7...8...9...10	Bounce #5 added RGB(655, 164, 53)
0...1...2...3...4...5...6...7...8...9...10	Bounce #6 added RGB(193, 40, 12)
0...1...2...3...4...5...6...7...8...9...10	Bounce #7 added RGB(64, 10, 3)
0...1...2...3...4...5...6...7...8...9...10	Bounce #8 added RGB(22, 3, 1)
0...1...2...3...4...5...6...7...8...9...10	Bounce #9 added RGB(8, 1, 0)
0...1...2...3...4...5...6...7...8...9...10	Bounce #10 added RGB(3, 0, 0)
0...1...2...3...4...5...6...7...8...9...10	Bounce #11 added RGB(1, 0, 0)
0...1...2...3...4...5...6...7...8...9...10	Bounce #12 added RGB(1, 0, 0)
Build Patch/Sample Hash Table(s).....Done<0.0531 sec>
0...1...2...3...4...5...6...7...8...9...10FinalLightFace Done
Computing detail prop lighting : 0...1...2...3...4...5...6...7...8...9...10
354 of 459 (77% of) surface lights went in leaf ambient cubes.
0...1...2...3...4...5...6...7...8...9...10Writing leaf ambient...done
Ready to Finish

Object names       Objects/Maxobjs  Memory / Maxmem  Fullness 
------------       ---------------  ---------------  -------- 
models                 129/1024         6192/49152    (12.6%) 
brushes               2716/8192        32592/98304    (33.2%) 
brushsides           19878/65536      159024/524288   (30.3%) 
planes               13164/65536      263280/1310720  (20.1%) 
vertexes             19723/65536      236676/786432   (30.1%) 
nodes                 3149/65536      100768/2097152  ( 4.8%) 
texinfos              3328/12288      239616/884736   (27.1%) 
texdata                281/2048         8992/65536    (13.7%) 
dispinfos               28/0            4928/0        ( 0.0%) 
disp_verts            1036/0           20720/0        ( 0.0%) 
disp_tris             1472/0            2944/0        ( 0.0%) 
disp_lmsamples        1752/0            1752/0        ( 0.0%) 
faces                10804/65536      605024/3670016  (16.5%) 
hdr faces                0/65536           0/3670016  ( 0.0%) 
origfaces             8223/65536      460488/3670016  (12.5%) 
leaves                3279/65536      104928/2097152  ( 5.0%) 
leaffaces            12897/65536       25794/131072   (19.7%) 
leafbrushes           4586/65536        9172/131072   ( 7.0%) 
areas                    3/256            24/2048     ( 1.2%) 
surfedges            84061/512000     336244/2048000  (16.4%) 
edges                52821/256000     211284/1024000  (20.6%) 
LDR worldlights        589/8192        51832/720896   ( 7.2%) 
HDR worldlights          0/8192            0/720896   ( 0.0%) 
leafwaterdata            1/32768          12/393216   ( 0.0%) 
waterstrips           1036/32768       10360/327680   ( 3.2%) 
waterverts               0/65536           0/786432   ( 0.0%) 
waterindices         21639/65536       43278/131072   (33.0%) 
cubemapsamples          27/1024          432/16384    ( 2.6%) 
overlays                 6/512          2112/180224   ( 1.2%) 
LDR lightdata         [variable]    12025428/0        ( 0.0%) 
HDR lightdata         [variable]           0/0        ( 0.0%) 
visdata               [variable]       69091/16777216 ( 0.4%) 
entdata               [variable]      331935/393216   (84.4%) VERY FULL!
LDR ambient table     3279/65536       13116/262144   ( 5.0%) 
HDR ambient table     3279/65536       13116/262144   ( 5.0%) 
LDR leaf ambient      7544/65536      211232/1835008  (11.5%) 
HDR leaf ambient      3279/65536       91812/1835008  ( 5.0%) 
occluders               22/0             880/0        ( 0.0%) 
occluder polygons       17/0             204/0        ( 0.0%) 
occluder vert ind       73/0             292/0        ( 0.0%) 
detail props          [variable]           1/1923708  ( 0.0%) 
dtl prp lght          [variable]           1/3714     ( 0.0%) 
HDR dtl prp lght      [variable]           1/4        (25.0%) 
static props          [variable]           1/43254    ( 0.0%) 
pakfile               [variable]       67041/0        ( 0.0%) 
physics               [variable]     1006410/4194304  (24.0%) 
physics terrain       [variable]        6218/1048576  ( 0.6%) 

Level flags = 0

Total triangle count: 29782
Writing a:\v92\source\github\ahl2_amuse\mapsrc\ahl2_amuse_fix.bsp
2 minutes, 36 seconds elapsed
